app/build/intermediates/manifest_merge_blame_file/debug/manifest-merger-blame-debug-report.txt
1<?xml version="1.0" encoding="utf-8"?>
2<manifest xmlns:android="http://schemas.android.com/apk/res/android"
3    package="com.plcoding.weatherapp"
4    android:versionCode="1"
5    android:versionName="1.0" >
6
7    <uses-sdk
8        android:minSdkVersion="21"
8-->src\main\AndroidManifest.xml
9        android:targetSdkVersion="32" />
9-->src\main\AndroidManifest.xml
10
11    <uses-permission android:name="android.permission.INTERNET" />
11-->src\main\AndroidManifest.xml:5:5-67
11-->src\main\AndroidManifest.xml:5:22-64
12    <uses-permission android:name="android.permission.ACCESS_COARSE_LOCATION" />
12-->src\main\AndroidManifest.xml:6:5-81
12-->src\main\AndroidManifest.xml:6:22-78
13    <uses-permission android:name="android.permission.ACCESS_FINE_LOCATION" />
13-->src\main\AndroidManifest.xml:7:5-79
13-->src\main\AndroidManifest.xml:7:22-76
14
15    <application
15-->src\main\AndroidManifest.xml:9:5-28:19
16        android:name="com.esaudev.weatherapp.WeatherApp"
16-->src\main\AndroidManifest.xml:10:9-35
17        android:allowBackup="true"
17-->src\main\AndroidManifest.xml:11:9-35
18        android:appComponentFactory="androidx.core.app.CoreComponentFactory"
18-->[androidx.core:core:1.7.0] AndroidManifest.xml:24:18-86
19        android:debuggable="true"
20        android:icon="@mipmap/ic_launcher"
20-->src\main\AndroidManifest.xml:12:9-43
21        android:label="@string/app_name"
21-->src\main\AndroidManifest.xml:13:9-41
22        android:roundIcon="@mipmap/ic_launcher_round"
22-->src\main\AndroidManifest.xml:14:9-54
23        android:supportsRtl="true"
23-->src\main\AndroidManifest.xml:15:9-35
24        android:theme="@style/Theme.WeatherApp" >
24-->src\main\AndroidManifest.xml:16:9-48
25        <activity
25-->src\main\AndroidManifest.xml:17:9-27:20
26            android:name="com.esaudev.weatherapp.presentation.MainActivity"
26-->src\main\AndroidManifest.xml:18:13-76
27            android:exported="true"
27-->src\main\AndroidManifest.xml:19:13-36
28            android:label="@string/app_name"
28-->src\main\AndroidManifest.xml:20:13-45
29            android:theme="@style/Theme.WeatherApp" >
29-->src\main\AndroidManifest.xml:21:13-52
30            <intent-filter>
30-->src\main\AndroidManifest.xml:22:13-26:29
31                <action android:name="android.intent.action.MAIN" />
31-->src\main\AndroidManifest.xml:23:17-69
31-->src\main\AndroidManifest.xml:23:25-66
32
33                <category android:name="android.intent.category.LAUNCHER" />
33-->src\main\AndroidManifest.xml:25:17-77
33-->src\main\AndroidManifest.xml:25:27-74
34            </intent-filter>
35        </activity>
36        <activity
36-->[androidx.compose.ui:ui-tooling:1.1.1] AndroidManifest.xml:25:9-27:39
37            android:name="androidx.compose.ui.tooling.PreviewActivity"
37-->[androidx.compose.ui:ui-tooling:1.1.1] AndroidManifest.xml:26:13-71
38            android:exported="true" />
38-->[androidx.compose.ui:ui-tooling:1.1.1] AndroidManifest.xml:27:13-36
39        <activity
39-->[com.google.android.gms:play-services-base:18.0.1] AndroidManifest.xml:20:9-22:45
40            android:name="com.google.android.gms.common.api.GoogleApiActivity"
40-->[com.google.android.gms:play-services-base:18.0.1] AndroidManifest.xml:20:19-85
41            android:exported="false"
41-->[com.google.android.gms:play-services-base:18.0.1] AndroidManifest.xml:22:19-43
42            android:theme="@android:style/Theme.Translucent.NoTitleBar" />
42-->[com.google.android.gms:play-services-base:18.0.1] AndroidManifest.xml:21:19-78
43
44        <meta-data
44-->[com.google.android.gms:play-services-basement:18.0.0] AndroidManifest.xml:21:9-23:69
45            android:name="com.google.android.gms.version"
45-->[com.google.android.gms:play-services-basement:18.0.0] AndroidManifest.xml:22:13-58
46            android:value="@integer/google_play_services_version" />
46-->[com.google.android.gms:play-services-basement:18.0.0] AndroidManifest.xml:23:13-66
47
48        <provider
48-->[androidx.profileinstaller:profileinstaller:1.1.0] AndroidManifest.xml:26:9-34:20
49            android:name="androidx.startup.InitializationProvider"
49-->[androidx.profileinstaller:profileinstaller:1.1.0] AndroidManifest.xml:27:13-67
50            android:authorities="com.plcoding.weatherapp.androidx-startup"
50-->[androidx.profileinstaller:profileinstaller:1.1.0] AndroidManifest.xml:28:13-68
51            android:exported="false" >
51-->[androidx.profileinstaller:profileinstaller:1.1.0] AndroidManifest.xml:29:13-37
52            <meta-data
52-->[androidx.profileinstaller:profileinstaller:1.1.0] AndroidManifest.xml:31:13-33:52
53                android:name="androidx.profileinstaller.ProfileInstallerInitializer"
53-->[androidx.profileinstaller:profileinstaller:1.1.0] AndroidManifest.xml:32:17-85
54                android:value="androidx.startup" />
54-->[androidx.profileinstaller:profileinstaller:1.1.0] AndroidManifest.xml:33:17-49
55        </provider>
56
57        <receiver
57-->[androidx.profileinstaller:profileinstaller:1.1.0] AndroidManifest.xml:36:9-45:20
58            android:name="androidx.profileinstaller.ProfileInstallReceiver"
58-->[androidx.profileinstaller:profileinstaller:1.1.0] AndroidManifest.xml:37:13-76
59            android:directBootAware="false"
59-->[androidx.profileinstaller:profileinstaller:1.1.0] AndroidManifest.xml:38:13-44
60            android:enabled="true"
60-->[androidx.profileinstaller:profileinstaller:1.1.0] AndroidManifest.xml:39:13-35
61            android:exported="true"
61-->[androidx.profileinstaller:profileinstaller:1.1.0] AndroidManifest.xml:40:13-36
62            android:permission="android.permission.DUMP" >
62-->[androidx.profileinstaller:profileinstaller:1.1.0] AndroidManifest.xml:41:13-57
63            <intent-filter>
63-->[androidx.profileinstaller:profileinstaller:1.1.0] AndroidManifest.xml:42:13-44:29
64                <action android:name="androidx.profileinstaller.action.INSTALL_PROFILE" />
64-->[androidx.profileinstaller:profileinstaller:1.1.0] AndroidManifest.xml:43:17-91
64-->[androidx.profileinstaller:profileinstaller:1.1.0] AndroidManifest.xml:43:25-88
65            </intent-filter>
66        </receiver>
67    </application>
68
69</manifest>